<?xml version="1.0" encoding="UTF-8"?>
<!-- Generated by org.testng.reporters.JUnitReportReporter -->
<testsuite hostname="DESKTOP-8Q0CRCJ" failures="0" tests="1" name="cleartrip.Assignment11.Demo" time="0.016" errors="0" timestamp="2020-12-15T22:07:34 IST" skipped="0">
  <testcase classname="cleartrip.Assignment11.Demo" name="Login" time="0.016"/>
  <system-out/>
</testsuite> <!-- cleartrip.Assignment11.Demo -->
