<?xml version="1.0" encoding="UTF-8"?>
<!-- Generated by org.testng.reporters.JUnitReportReporter -->
<testsuite hostname="DESKTOP-8Q0CRCJ" failures="0" tests="5" name="cleartrip.Assignment11.cleartrip" time="56.727" errors="0" timestamp="2020-12-19T21:54:13 IST" skipped="0">
  <testcase classname="cleartrip.Assignment11.cleartrip" name="initializeBrowser" time="9.995"/>
  <system-out/>
  <testcase classname="cleartrip.Assignment11.cleartrip" name="searchFlight" time="16.351"/>
  <system-out/>
  <testcase classname="cleartrip.Assignment11.cleartrip" name="bookFlight" time="9.981"/>
  <system-out/>
  <testcase classname="cleartrip.Assignment11.cleartrip" name="contactDetail" time="16.079"/>
  <system-out/>
  <testcase classname="cleartrip.Assignment11.cleartrip" name="travellerDetail" time="4.321"/>
  <system-out/>
</testsuite> <!-- cleartrip.Assignment11.cleartrip -->
